<?xml version="1.0" encoding="UTF-8"?>
<!-- Generated by org.testng.reporters.JUnitXMLReporter -->
<testsuite ignored="0" hostname="LAPTOP-A4T63ADS" failures="0" tests="4" name="Default test" time="608.308" errors="0" timestamp="2020-11-06T18:40:12 EST">
  <testcase classname="com.MyFramework_1.testcases.Login_till_ProdSelectionPage" name="LoginLinkTest" time="4.58"/>
  <testcase classname="com.MyFramework_1.testcases.Login_till_ProdSelectionPage" name="LaunchBOUT" time="50.118"/>
  <testcase classname="com.MyFramework_1.testcases.Login_till_ProdSelectionPage" name="selectRecomProd" time="7.477"/>
  <testcase classname="com.MyFramework_1.testcases.Login_till_ProdSelectionPage" name="Product_addition" time="536.888"/>
</testsuite> <!-- Default test -->
