<?xml version="1.0" encoding="UTF-8"?>
<!-- Generated by org.testng.reporters.JUnitXMLReporter -->
<testsuite ignored="2" hostname="LAPTOP-A4T63ADS" failures="0" tests="3" name="Default test" time="108.492" errors="0" timestamp="2020-11-17T14:17:22 EST">
  <testcase classname="com.MyFramework_1.testcases.Login_till_ProdSelectionPage" name="LoginLinkTest" time="4.023"/>
  <testcase classname="com.MyFramework_1.testcases.Login_till_ProdSelectionPage" name="ipConsolidation" time="14.691"/>
  <testcase classname="com.MyFramework_1.testcases.Login_till_ProdSelectionPage" name="Product_addition" time="72.784"/>
  <testcase classname="com.MyFramework_1.testcases.Login_till_ProdSelectionPage" name="LaunchBOUT" time="0.0">
    <ignored/>
  </testcase> <!-- LaunchBOUT -->
  <testcase classname="com.MyFramework_1.testcases.Login_till_ProdSelectionPage" name="selectRecomProd" time="0.0">
    <ignored/>
  </testcase> <!-- selectRecomProd -->
</testsuite> <!-- Default test -->
