<?xml version="1.0" encoding="UTF-8"?>
<!-- Generated by org.testng.reporters.JUnitXMLReporter -->
<testsuite ignored="0" hostname="LAPTOP-A4T63ADS" failures="0" tests="4" name="Default test" time="476.531" errors="0" timestamp="2020-11-06T01:12:41 EST">
  <testcase classname="com.MyFramework_1.testcases.Login_till_ProdSelectionPage" name="LoginLinkTest" time="5.25"/>
  <testcase classname="com.MyFramework_1.testcases.Login_till_ProdSelectionPage" name="LaunchBOUT" time="50.169"/>
  <testcase classname="com.MyFramework_1.testcases.Login_till_ProdSelectionPage" name="selectRecomProd" time="9.299"/>
  <testcase classname="com.MyFramework_1.testcases.Login_till_ProdSelectionPage" name="sam" time="402.186"/>
</testsuite> <!-- Default test -->
