<?xml version="1.0" encoding="UTF-8"?>
<!-- Generated by org.testng.reporters.JUnitXMLReporter -->
<testsuite ignored="2" hostname="LAPTOP-A4T63ADS" failures="0" tests="3" name="Default test" time="86.402" errors="0" timestamp="2020-11-17T22:27:35 EST">
  <testcase classname="com.MyFramework_1.testcases.Login_till_ProdSelectionPage" name="LoginLinkTest" time="76.213"/>
  <testcase classname="com.MyFramework_1.testcases.Login_till_ProdSelectionPage" name="ipConsolidation" time="0.002"/>
  <testcase classname="com.MyFramework_1.testcases.Login_till_ProdSelectionPage" name="Product_addition" time="0.007"/>
  <testcase classname="com.MyFramework_1.testcases.Login_till_ProdSelectionPage" name="LaunchBOUT" time="0.0">
    <ignored/>
  </testcase> <!-- LaunchBOUT -->
  <testcase classname="com.MyFramework_1.testcases.Login_till_ProdSelectionPage" name="selectRecomProd" time="0.0">
    <ignored/>
  </testcase> <!-- selectRecomProd -->
</testsuite> <!-- Default test -->
