<?xml version="1.0" encoding="UTF-8"?>
<!-- Generated by org.testng.reporters.JUnitXMLReporter -->
<testsuite ignored="3" hostname="LAPTOP-A4T63ADS" failures="0" tests="2" name="Default test" time="36.557" errors="0" timestamp="2020-11-09T21:48:12 EST">
  <testcase classname="com.MyFramework_1.testcases.Login_till_ProdSelectionPage" name="LoginLinkTest" time="13.738"/>
  <testcase classname="com.MyFramework_1.testcases.Login_till_ProdSelectionPage" name="ipConsolidation" time="13.735"/>
  <testcase classname="com.MyFramework_1.testcases.Login_till_ProdSelectionPage" name="LaunchBOUT" time="0.0">
    <ignored/>
  </testcase> <!-- LaunchBOUT -->
  <testcase classname="com.MyFramework_1.testcases.Login_till_ProdSelectionPage" name="Product_addition" time="0.0">
    <ignored/>
  </testcase> <!-- Product_addition -->
  <testcase classname="com.MyFramework_1.testcases.Login_till_ProdSelectionPage" name="selectRecomProd" time="0.0">
    <ignored/>
  </testcase> <!-- selectRecomProd -->
</testsuite> <!-- Default test -->
