<?xml version="1.0" encoding="UTF-8"?>
<!-- Generated by org.testng.reporters.JUnitXMLReporter -->
<testsuite ignored="0" hostname="DESKTOP-V3BAP4H" failures="0" tests="3" name="Default test" time="66.299" errors="0" timestamp="2020-11-05T17:23:59 EST">
  <testcase classname="com.MyFramework_1.testcases.Login_till_ProdSelectionPage" name="LoginLinkTest" time="5.418"/>
  <testcase classname="com.MyFramework_1.testcases.Login_till_ProdSelectionPage" name="LaunchBOUT" time="25.205"/>
  <testcase classname="com.MyFramework_1.testcases.Login_till_ProdSelectionPage" name="selectRecomProd" time="25.625"/>
</testsuite> <!-- Default test -->
