<?xml version="1.0" encoding="UTF-8"?>
<!-- Generated by org.testng.reporters.JUnitXMLReporter -->
<testsuite ignored="2" hostname="LAPTOP-A4T63ADS" failures="0" tests="3" name="Command line test" time="518.118" errors="0" timestamp="2020-11-19T18:53:44 EST">
  <testcase classname="com.MyFramework_1.testcases.Login_till_ProdSelectionPage" name="LoginLinkTest" time="32.788"/>
  <testcase classname="com.MyFramework_1.testcases.Login_till_ProdSelectionPage" name="ipConsolidation" time="45.571"/>
  <testcase classname="com.MyFramework_1.testcases.Login_till_ProdSelectionPage" name="Product_addition" time="426.7"/>
  <testcase classname="com.MyFramework_1.testcases.Login_till_ProdSelectionPage" name="LaunchBOUT" time="0.0">
    <ignored/>
  </testcase> <!-- LaunchBOUT -->
  <testcase classname="com.MyFramework_1.testcases.Login_till_ProdSelectionPage" name="selectRecomProd" time="0.0">
    <ignored/>
  </testcase> <!-- selectRecomProd -->
</testsuite> <!-- Command line test -->
