<?xml version="1.0" encoding="UTF-8"?>
<testng-results ignored="0" total="4" passed="4" failed="0" skipped="0">
  <reporter-output>
  </reporter-output>
  <suite started-at="2020-11-06T18:30:04 EST" name="Default suite" finished-at="2020-11-06T18:40:12 EST" duration-ms="608308">
    <groups>
    </groups>
    <test started-at="2020-11-06T18:30:04 EST" name="Default test" finished-at="2020-11-06T18:40:12 EST" duration-ms="608308">
      <class name="com.MyFramework_1.testcases.Login_till_ProdSelectionPage">
        <test-method is-config="true" signature="Setup()[pri:0, instance:com.MyFramework_1.testcases.Login_till_ProdSelectionPage@2ddc8ecb]" started-at="2020-11-06T18:30:04 EST" name="Setup" finished-at="2020-11-06T18:30:04 EST" duration-ms="69" status="PASS">
          <reporter-output>
          </reporter-output>
        </test-method> <!-- Setup -->
        <test-method is-config="true" signature="setup()[pri:0, instance:com.MyFramework_1.testcases.Login_till_ProdSelectionPage@2ddc8ecb]" started-at="2020-11-06T18:30:04 EST" name="setup" finished-at="2020-11-06T18:30:13 EST" duration-ms="9147" status="PASS">
          <reporter-output>
          </reporter-output>
        </test-method> <!-- setup -->
        <test-method signature="LoginLinkTest()[pri:1, instance:com.MyFramework_1.testcases.Login_till_ProdSelectionPage@2ddc8ecb]" started-at="2020-11-06T18:30:13 EST" name="LoginLinkTest" finished-at="2020-11-06T18:30:18 EST" duration-ms="4580" status="PASS">
          <reporter-output>
          </reporter-output>
        </test-method> <!-- LoginLinkTest -->
        <test-method signature="LaunchBOUT()[pri:2, instance:com.MyFramework_1.testcases.Login_till_ProdSelectionPage@2ddc8ecb]" started-at="2020-11-06T18:30:18 EST" name="LaunchBOUT" finished-at="2020-11-06T18:31:08 EST" duration-ms="50118" status="PASS">
          <reporter-output>
          </reporter-output>
        </test-method> <!-- LaunchBOUT -->
        <test-method signature="selectRecomProd()[pri:3, instance:com.MyFramework_1.testcases.Login_till_ProdSelectionPage@2ddc8ecb]" started-at="2020-11-06T18:31:08 EST" name="selectRecomProd" finished-at="2020-11-06T18:31:15 EST" duration-ms="7477" status="PASS">
          <reporter-output>
          </reporter-output>
        </test-method> <!-- selectRecomProd -->
        <test-method signature="Product_addition()[pri:4, instance:com.MyFramework_1.testcases.Login_till_ProdSelectionPage@2ddc8ecb]" started-at="2020-11-06T18:31:15 EST" name="Product_addition" finished-at="2020-11-06T18:40:12 EST" duration-ms="536888" status="PASS">
          <reporter-output>
          </reporter-output>
        </test-method> <!-- Product_addition -->
      </class> <!-- com.MyFramework_1.testcases.Login_till_ProdSelectionPage -->
    </test> <!-- Default test -->
  </suite> <!-- Default suite -->
</testng-results>
