<?xml version="1.0" encoding="UTF-8"?>
<testng-results ignored="2" total="5" passed="3" failed="0" skipped="0">
  <reporter-output>
  </reporter-output>
  <suite started-at="2020-11-24T00:24:05 EST" name="Default suite" finished-at="2020-11-24T00:59:23 EST" duration-ms="2117916">
    <groups>
    </groups>
    <test started-at="2020-11-24T00:24:05 EST" name="Default test" finished-at="2020-11-24T00:59:23 EST" duration-ms="2117916">
      <class name="com.MyFramework_1.testcases.Login_till_ProdSelectionPage">
        <test-method is-config="true" signature="Setup()[pri:0, instance:com.MyFramework_1.testcases.Login_till_ProdSelectionPage@6973b51b]" started-at="2020-11-24T00:24:05 EST" name="Setup" finished-at="2020-11-24T00:24:05 EST" duration-ms="6" status="PASS">
          <reporter-output>
          </reporter-output>
        </test-method> <!-- Setup -->
        <test-method is-config="true" signature="setup()[pri:0, instance:com.MyFramework_1.testcases.Login_till_ProdSelectionPage@6973b51b]" started-at="2020-11-24T00:24:05 EST" name="setup" finished-at="2020-11-24T00:24:17 EST" duration-ms="11980" status="PASS">
          <reporter-output>
          </reporter-output>
        </test-method> <!-- setup -->
        <test-method signature="LoginLinkTest()[pri:1, instance:com.MyFramework_1.testcases.Login_till_ProdSelectionPage@6973b51b]" started-at="2020-11-24T00:24:17 EST" name="LoginLinkTest" finished-at="2020-11-24T00:24:55 EST" duration-ms="37410" status="PASS">
          <reporter-output>
          </reporter-output>
        </test-method> <!-- LoginLinkTest -->
        <test-method signature="ipConsolidation()[pri:4, instance:com.MyFramework_1.testcases.Login_till_ProdSelectionPage@6973b51b]" started-at="2020-11-24T00:24:55 EST" name="ipConsolidation" finished-at="2020-11-24T00:25:01 EST" depends-on-methods="com.MyFramework_1.testcases.Login_till_ProdSelectionPage.LoginLinkTest" duration-ms="5663" status="PASS">
          <reporter-output>
          </reporter-output>
        </test-method> <!-- ipConsolidation -->
        <test-method signature="Product_addition()[pri:5, instance:com.MyFramework_1.testcases.Login_till_ProdSelectionPage@6973b51b]" started-at="2020-11-24T00:25:01 EST" name="Product_addition" finished-at="2020-11-24T00:28:51 EST" depends-on-methods="com.MyFramework_1.testcases.Login_till_ProdSelectionPage.ipConsolidation" duration-ms="230773" status="PASS">
          <reporter-output>
          </reporter-output>
        </test-method> <!-- Product_addition -->
        <test-method is-config="true" signature="teardown()[pri:0, instance:com.MyFramework_1.testcases.Login_till_ProdSelectionPage@6973b51b]" started-at="2020-11-24T00:28:51 EST" name="teardown" finished-at="2020-11-24T00:59:23 EST" duration-ms="1832051" status="PASS">
          <reporter-output>
          </reporter-output>
        </test-method> <!-- teardown -->
      </class> <!-- com.MyFramework_1.testcases.Login_till_ProdSelectionPage -->
    </test> <!-- Default test -->
  </suite> <!-- Default suite -->
</testng-results>
