<?xml version="1.0" encoding="UTF-8"?>
<testng-results ignored="2" total="5" passed="3" failed="0" skipped="0">
  <reporter-output>
  </reporter-output>
  <suite started-at="2020-11-20T19:37:16 EST" name="Default suite" finished-at="2020-11-21T01:58:33 EST" duration-ms="22877052">
    <groups>
    </groups>
    <test started-at="2020-11-20T19:37:16 EST" name="Default test" finished-at="2020-11-21T01:58:33 EST" duration-ms="22877052">
      <class name="com.MyFramework_1.testcases.Login_till_ProdSelectionPage">
        <test-method is-config="true" signature="Setup()[pri:0, instance:com.MyFramework_1.testcases.Login_till_ProdSelectionPage@1afd44cb]" started-at="2020-11-20T19:37:16 EST" name="Setup" finished-at="2020-11-20T19:37:16 EST" duration-ms="7" status="PASS">
          <reporter-output>
          </reporter-output>
        </test-method> <!-- Setup -->
        <test-method is-config="true" signature="setup()[pri:0, instance:com.MyFramework_1.testcases.Login_till_ProdSelectionPage@1afd44cb]" started-at="2020-11-20T19:37:16 EST" name="setup" finished-at="2020-11-20T19:37:28 EST" duration-ms="11608" status="PASS">
          <reporter-output>
          </reporter-output>
        </test-method> <!-- setup -->
        <test-method signature="LoginLinkTest()[pri:1, instance:com.MyFramework_1.testcases.Login_till_ProdSelectionPage@1afd44cb]" started-at="2020-11-20T19:37:28 EST" name="LoginLinkTest" finished-at="2020-11-20T19:38:05 EST" duration-ms="36957" status="PASS">
          <reporter-output>
          </reporter-output>
        </test-method> <!-- LoginLinkTest -->
        <test-method signature="ipConsolidation()[pri:4, instance:com.MyFramework_1.testcases.Login_till_ProdSelectionPage@1afd44cb]" started-at="2020-11-20T19:38:05 EST" name="ipConsolidation" finished-at="2020-11-20T19:39:01 EST" depends-on-methods="com.MyFramework_1.testcases.Login_till_ProdSelectionPage.LoginLinkTest" duration-ms="55698" status="PASS">
          <reporter-output>
          </reporter-output>
        </test-method> <!-- ipConsolidation -->
        <test-method signature="Product_addition()[pri:5, instance:com.MyFramework_1.testcases.Login_till_ProdSelectionPage@1afd44cb]" started-at="2020-11-20T19:39:01 EST" name="Product_addition" finished-at="2020-11-20T19:39:46 EST" depends-on-methods="com.MyFramework_1.testcases.Login_till_ProdSelectionPage.ipConsolidation" duration-ms="45605" status="PASS">
          <reporter-output>
          </reporter-output>
        </test-method> <!-- Product_addition -->
        <test-method is-config="true" signature="teardown()[pri:0, instance:com.MyFramework_1.testcases.Login_till_ProdSelectionPage@1afd44cb]" started-at="2020-11-20T19:39:46 EST" name="teardown" finished-at="2020-11-21T01:58:33 EST" duration-ms="22727141" status="PASS">
          <reporter-output>
          </reporter-output>
        </test-method> <!-- teardown -->
      </class> <!-- com.MyFramework_1.testcases.Login_till_ProdSelectionPage -->
    </test> <!-- Default test -->
  </suite> <!-- Default suite -->
</testng-results>
