<?xml version="1.0" encoding="UTF-8"?>
<testng-results ignored="0" total="5" passed="5" failed="0" skipped="0">
  <reporter-output>
  </reporter-output>
  <suite started-at="2020-11-13T18:23:04 EST" name="Default suite" finished-at="2020-11-13T18:39:39 EST" duration-ms="994618">
    <groups>
    </groups>
    <test started-at="2020-11-13T18:23:04 EST" name="Default test" finished-at="2020-11-13T18:39:39 EST" duration-ms="994618">
      <class name="com.MyFramework_1.testcases.Login_till_ProdSelectionPage">
        <test-method is-config="true" signature="Setup()[pri:0, instance:com.MyFramework_1.testcases.Login_till_ProdSelectionPage@56a6d5a6]" started-at="2020-11-13T18:23:04 EST" name="Setup" finished-at="2020-11-13T18:23:04 EST" duration-ms="9" status="PASS">
          <reporter-output>
          </reporter-output>
        </test-method> <!-- Setup -->
        <test-method is-config="true" signature="setup()[pri:0, instance:com.MyFramework_1.testcases.Login_till_ProdSelectionPage@56a6d5a6]" started-at="2020-11-13T18:23:04 EST" name="setup" finished-at="2020-11-13T18:23:13 EST" duration-ms="9044" status="PASS">
          <reporter-output>
          </reporter-output>
        </test-method> <!-- setup -->
        <test-method signature="LoginLinkTest()[pri:1, instance:com.MyFramework_1.testcases.Login_till_ProdSelectionPage@56a6d5a6]" started-at="2020-11-13T18:23:13 EST" name="LoginLinkTest" finished-at="2020-11-13T18:23:16 EST" duration-ms="2784" status="PASS">
          <reporter-output>
          </reporter-output>
        </test-method> <!-- LoginLinkTest -->
        <test-method signature="LaunchBOUT()[pri:2, instance:com.MyFramework_1.testcases.Login_till_ProdSelectionPage@56a6d5a6]" started-at="2020-11-13T18:23:16 EST" name="LaunchBOUT" finished-at="2020-11-13T18:24:08 EST" duration-ms="52238" status="PASS">
          <reporter-output>
          </reporter-output>
        </test-method> <!-- LaunchBOUT -->
        <test-method signature="selectRecomProd()[pri:3, instance:com.MyFramework_1.testcases.Login_till_ProdSelectionPage@56a6d5a6]" started-at="2020-11-13T18:24:08 EST" name="selectRecomProd" finished-at="2020-11-13T18:24:26 EST" duration-ms="17260" status="PASS">
          <reporter-output>
          </reporter-output>
        </test-method> <!-- selectRecomProd -->
        <test-method signature="ipConsolidation()[pri:4, instance:com.MyFramework_1.testcases.Login_till_ProdSelectionPage@56a6d5a6]" started-at="2020-11-13T18:24:26 EST" name="ipConsolidation" finished-at="2020-11-13T18:24:36 EST" duration-ms="10015" status="PASS">
          <reporter-output>
          </reporter-output>
        </test-method> <!-- ipConsolidation -->
        <test-method signature="Product_addition()[pri:5, instance:com.MyFramework_1.testcases.Login_till_ProdSelectionPage@56a6d5a6]" started-at="2020-11-13T18:24:36 EST" name="Product_addition" finished-at="2020-11-13T18:39:39 EST" duration-ms="903232" status="PASS">
          <reporter-output>
          </reporter-output>
        </test-method> <!-- Product_addition -->
      </class> <!-- com.MyFramework_1.testcases.Login_till_ProdSelectionPage -->
    </test> <!-- Default test -->
  </suite> <!-- Default suite -->
</testng-results>
