<?xml version="1.0" encoding="UTF-8"?>
<testng-results ignored="2" total="5" passed="1" failed="1" skipped="1">
  <reporter-output>
  </reporter-output>
  <suite started-at="2020-11-21T17:12:25 EST" name="Default suite" finished-at="2020-11-21T17:13:15 EST" duration-ms="49874">
    <groups>
    </groups>
    <test started-at="2020-11-21T17:12:25 EST" name="Default test" finished-at="2020-11-21T17:13:15 EST" duration-ms="49874">
      <class name="com.MyFramework_1.testcases.Login_till_ProdSelectionPage">
        <test-method is-config="true" signature="Setup()[pri:0, instance:com.MyFramework_1.testcases.Login_till_ProdSelectionPage@1b1426f4]" started-at="2020-11-21T17:12:25 EST" name="Setup" finished-at="2020-11-21T17:12:25 EST" duration-ms="8" status="PASS">
          <reporter-output>
          </reporter-output>
        </test-method> <!-- Setup -->
        <test-method is-config="true" signature="setup()[pri:0, instance:com.MyFramework_1.testcases.Login_till_ProdSelectionPage@1b1426f4]" started-at="2020-11-21T17:12:25 EST" name="setup" finished-at="2020-11-21T17:12:33 EST" duration-ms="7564" status="PASS">
          <reporter-output>
          </reporter-output>
        </test-method> <!-- setup -->
        <test-method signature="LoginLinkTest()[pri:1, instance:com.MyFramework_1.testcases.Login_till_ProdSelectionPage@1b1426f4]" started-at="2020-11-21T17:12:33 EST" name="LoginLinkTest" finished-at="2020-11-21T17:13:06 EST" duration-ms="33401" status="PASS">
          <reporter-output>
          </reporter-output>
        </test-method> <!-- LoginLinkTest -->
        <test-method signature="ipConsolidation()[pri:4, instance:com.MyFramework_1.testcases.Login_till_ProdSelectionPage@1b1426f4]" started-at="2020-11-21T17:13:06 EST" name="ipConsolidation" finished-at="2020-11-21T17:13:12 EST" depends-on-methods="com.MyFramework_1.testcases.Login_till_ProdSelectionPage.LoginLinkTest" duration-ms="5696" status="FAIL">
          <exception class="java.lang.NullPointerException">
            <message>
              <![CDATA[Cannot read the array length because "ipFiles" is null]]>
            </message>
            <full-stacktrace>
              <![CDATA[java.lang.NullPointerException: Cannot read the array length because "ipFiles" is null
at com.MyFramework_1.pages.inputConsolPOM.WeedOut(inputConsolPOM.java:711)
at com.MyFramework_1.testcases.Login_till_ProdSelectionPage.ipConsolidation(Login_till_ProdSelectionPage.java:281)
at java.base/jdk.internal.reflect.NativeMethodAccessorImpl.invoke0(Native Method)
at java.base/jdk.internal.reflect.NativeMethodAccessorImpl.invoke(NativeMethodAccessorImpl.java:62)
at java.base/jdk.internal.reflect.DelegatingMethodAccessorImpl.invoke(DelegatingMethodAccessorImpl.java:43)
at java.base/java.lang.reflect.Method.invoke(Method.java:564)
at org.testng.internal.MethodInvocationHelper.invokeMethod(MethodInvocationHelper.java:134)
at org.testng.internal.TestInvoker.invokeMethod(TestInvoker.java:597)
at org.testng.internal.TestInvoker.invokeTestMethod(TestInvoker.java:173)
at org.testng.internal.MethodRunner.runInSequence(MethodRunner.java:46)
at org.testng.internal.TestInvoker$MethodInvocationAgent.invoke(TestInvoker.java:816)
at org.testng.internal.TestInvoker.invokeTestMethods(TestInvoker.java:146)
at org.testng.internal.TestMethodWorker.invokeTestMethods(TestMethodWorker.java:146)
at org.testng.internal.TestMethodWorker.run(TestMethodWorker.java:128)
at java.base/java.util.ArrayList.forEach(ArrayList.java:1511)
at org.testng.TestRunner.privateRun(TestRunner.java:766)
at org.testng.TestRunner.run(TestRunner.java:587)
at org.testng.SuiteRunner.runTest(SuiteRunner.java:384)
at org.testng.SuiteRunner.runSequentially(SuiteRunner.java:378)
at org.testng.SuiteRunner.privateRun(SuiteRunner.java:337)
at org.testng.SuiteRunner.run(SuiteRunner.java:286)
at org.testng.SuiteRunnerWorker.runSuite(SuiteRunnerWorker.java:53)
at org.testng.SuiteRunnerWorker.run(SuiteRunnerWorker.java:96)
at org.testng.TestNG.runSuitesSequentially(TestNG.java:1187)
at org.testng.TestNG.runSuitesLocally(TestNG.java:1109)
at org.testng.TestNG.runSuites(TestNG.java:1039)
at org.testng.TestNG.run(TestNG.java:1007)
at org.testng.remote.AbstractRemoteTestNG.run(AbstractRemoteTestNG.java:115)
at org.testng.remote.RemoteTestNG.initAndRun(RemoteTestNG.java:251)
at org.testng.remote.RemoteTestNG.main(RemoteTestNG.java:77)
]]>
            </full-stacktrace>
          </exception> <!-- java.lang.NullPointerException -->
          <reporter-output>
          </reporter-output>
        </test-method> <!-- ipConsolidation -->
        <test-method signature="Product_addition()[pri:5, instance:com.MyFramework_1.testcases.Login_till_ProdSelectionPage@1b1426f4]" started-at="2020-11-21T17:13:12 EST" name="Product_addition" finished-at="2020-11-21T17:13:12 EST" depends-on-methods="com.MyFramework_1.testcases.Login_till_ProdSelectionPage.ipConsolidation" duration-ms="0" status="SKIP">
          <exception class="java.lang.Throwable">
            <message>
              <![CDATA[Method Login_till_ProdSelectionPage.Product_addition()[pri:5, instance:com.MyFramework_1.testcases.Login_till_ProdSelectionPage@1b1426f4] depends on not successfully finished methods]]>
            </message>
            <full-stacktrace>
              <![CDATA[java.lang.Throwable: Method Login_till_ProdSelectionPage.Product_addition()[pri:5, instance:com.MyFramework_1.testcases.Login_till_ProdSelectionPage@1b1426f4] depends on not successfully finished methods
at org.testng.internal.TestInvoker.invokeTestMethods(TestInvoker.java:101)
at org.testng.internal.TestMethodWorker.invokeTestMethods(TestMethodWorker.java:146)
at org.testng.internal.TestMethodWorker.run(TestMethodWorker.java:128)
at java.base/java.util.ArrayList.forEach(ArrayList.java:1511)
at org.testng.TestRunner.privateRun(TestRunner.java:766)
at org.testng.TestRunner.run(TestRunner.java:587)
at org.testng.SuiteRunner.runTest(SuiteRunner.java:384)
at org.testng.SuiteRunner.runSequentially(SuiteRunner.java:378)
at org.testng.SuiteRunner.privateRun(SuiteRunner.java:337)
at org.testng.SuiteRunner.run(SuiteRunner.java:286)
at org.testng.SuiteRunnerWorker.runSuite(SuiteRunnerWorker.java:53)
at org.testng.SuiteRunnerWorker.run(SuiteRunnerWorker.java:96)
at org.testng.TestNG.runSuitesSequentially(TestNG.java:1187)
at org.testng.TestNG.runSuitesLocally(TestNG.java:1109)
at org.testng.TestNG.runSuites(TestNG.java:1039)
at org.testng.TestNG.run(TestNG.java:1007)
at org.testng.remote.AbstractRemoteTestNG.run(AbstractRemoteTestNG.java:115)
at org.testng.remote.RemoteTestNG.initAndRun(RemoteTestNG.java:251)
at org.testng.remote.RemoteTestNG.main(RemoteTestNG.java:77)
]]>
            </full-stacktrace>
          </exception> <!-- java.lang.Throwable -->
          <reporter-output>
          </reporter-output>
        </test-method> <!-- Product_addition -->
        <test-method is-config="true" signature="teardown()[pri:0, instance:com.MyFramework_1.testcases.Login_till_ProdSelectionPage@1b1426f4]" started-at="2020-11-21T17:13:12 EST" name="teardown" finished-at="2020-11-21T17:13:15 EST" duration-ms="3170" status="PASS">
          <reporter-output>
          </reporter-output>
        </test-method> <!-- teardown -->
      </class> <!-- com.MyFramework_1.testcases.Login_till_ProdSelectionPage -->
    </test> <!-- Default test -->
  </suite> <!-- Default suite -->
</testng-results>
