<?xml version="1.0" encoding="UTF-8"?>
<testng-results ignored="0" total="5" passed="5" failed="0" skipped="0">
  <reporter-output>
  </reporter-output>
  <suite started-at="2020-11-06T19:11:58 EST" name="Default suite" finished-at="2020-11-06T19:16:59 EST" duration-ms="301442">
    <groups>
    </groups>
    <test started-at="2020-11-06T19:11:58 EST" name="Default test" finished-at="2020-11-06T19:16:59 EST" duration-ms="301442">
      <class name="com.MyFramework_1.testcases.Login_till_ProdSelectionPage">
        <test-method is-config="true" signature="Setup()[pri:0, instance:com.MyFramework_1.testcases.Login_till_ProdSelectionPage@229d10bd]" started-at="2020-11-06T19:11:58 EST" name="Setup" finished-at="2020-11-06T19:11:58 EST" duration-ms="72" status="PASS">
          <reporter-output>
          </reporter-output>
        </test-method> <!-- Setup -->
        <test-method is-config="true" signature="setup()[pri:0, instance:com.MyFramework_1.testcases.Login_till_ProdSelectionPage@229d10bd]" started-at="2020-11-06T19:11:58 EST" name="setup" finished-at="2020-11-06T19:12:07 EST" duration-ms="8818" status="PASS">
          <reporter-output>
          </reporter-output>
        </test-method> <!-- setup -->
        <test-method signature="LoginLinkTest()[pri:1, instance:com.MyFramework_1.testcases.Login_till_ProdSelectionPage@229d10bd]" started-at="2020-11-06T19:12:07 EST" name="LoginLinkTest" finished-at="2020-11-06T19:12:11 EST" duration-ms="4639" status="PASS">
          <reporter-output>
          </reporter-output>
        </test-method> <!-- LoginLinkTest -->
        <test-method signature="LaunchBOUT()[pri:2, instance:com.MyFramework_1.testcases.Login_till_ProdSelectionPage@229d10bd]" started-at="2020-11-06T19:12:11 EST" name="LaunchBOUT" finished-at="2020-11-06T19:13:01 EST" duration-ms="50115" status="PASS">
          <reporter-output>
          </reporter-output>
        </test-method> <!-- LaunchBOUT -->
        <test-method signature="selectRecomProd()[pri:3, instance:com.MyFramework_1.testcases.Login_till_ProdSelectionPage@229d10bd]" started-at="2020-11-06T19:13:01 EST" name="selectRecomProd" finished-at="2020-11-06T19:13:09 EST" duration-ms="8146" status="PASS">
          <reporter-output>
          </reporter-output>
        </test-method> <!-- selectRecomProd -->
        <test-method signature="ipConsolidation()[pri:4, instance:com.MyFramework_1.testcases.Login_till_ProdSelectionPage@229d10bd]" started-at="2020-11-06T19:13:09 EST" name="ipConsolidation" finished-at="2020-11-06T19:13:11 EST" duration-ms="1697" status="PASS">
          <reporter-output>
          </reporter-output>
        </test-method> <!-- ipConsolidation -->
        <test-method signature="Product_addition()[pri:5, instance:com.MyFramework_1.testcases.Login_till_ProdSelectionPage@229d10bd]" started-at="2020-11-06T19:13:11 EST" name="Product_addition" finished-at="2020-11-06T19:16:59 EST" duration-ms="227907" status="PASS">
          <reporter-output>
          </reporter-output>
        </test-method> <!-- Product_addition -->
      </class> <!-- com.MyFramework_1.testcases.Login_till_ProdSelectionPage -->
    </test> <!-- Default test -->
  </suite> <!-- Default suite -->
</testng-results>
