<?xml version="1.0" encoding="UTF-8"?>
<testng-results ignored="0" total="3" passed="3" failed="0" skipped="0">
  <reporter-output>
  </reporter-output>
  <suite started-at="2020-11-06T00:34:07 EST" name="Default suite" finished-at="2020-11-06T00:35:10 EST" duration-ms="62750">
    <groups>
    </groups>
    <test started-at="2020-11-06T00:34:07 EST" name="Default test" finished-at="2020-11-06T00:35:10 EST" duration-ms="62750">
      <class name="com.MyFramework_1.testcases.Login_till_ProdSelectionPage">
        <test-method is-config="true" signature="Setup()[pri:0, instance:com.MyFramework_1.testcases.Login_till_ProdSelectionPage@3b07a0d6]" started-at="2020-11-06T00:34:07 EST" name="Setup" finished-at="2020-11-06T00:34:08 EST" duration-ms="290" status="PASS">
          <reporter-output>
          </reporter-output>
        </test-method> <!-- Setup -->
        <test-method is-config="true" signature="setup()[pri:0, instance:com.MyFramework_1.testcases.Login_till_ProdSelectionPage@3b07a0d6]" started-at="2020-11-06T00:34:08 EST" name="setup" finished-at="2020-11-06T00:34:19 EST" duration-ms="11125" status="PASS">
          <reporter-output>
          </reporter-output>
        </test-method> <!-- setup -->
        <test-method signature="LoginLinkTest()[pri:1, instance:com.MyFramework_1.testcases.Login_till_ProdSelectionPage@3b07a0d6]" started-at="2020-11-06T00:34:19 EST" name="LoginLinkTest" finished-at="2020-11-06T00:34:24 EST" duration-ms="5557" status="PASS">
          <reporter-output>
          </reporter-output>
        </test-method> <!-- LoginLinkTest -->
        <test-method signature="LaunchBOUT()[pri:2, instance:com.MyFramework_1.testcases.Login_till_ProdSelectionPage@3b07a0d6]" started-at="2020-11-06T00:34:24 EST" name="LaunchBOUT" finished-at="2020-11-06T00:34:52 EST" duration-ms="27934" status="PASS">
          <reporter-output>
          </reporter-output>
        </test-method> <!-- LaunchBOUT -->
        <test-method signature="selectRecomProd()[pri:3, instance:com.MyFramework_1.testcases.Login_till_ProdSelectionPage@3b07a0d6]" started-at="2020-11-06T00:34:52 EST" name="selectRecomProd" finished-at="2020-11-06T00:35:10 EST" duration-ms="17720" status="PASS">
          <reporter-output>
          </reporter-output>
        </test-method> <!-- selectRecomProd -->
      </class> <!-- com.MyFramework_1.testcases.Login_till_ProdSelectionPage -->
    </test> <!-- Default test -->
  </suite> <!-- Default suite -->
</testng-results>
