<?xml version="1.0" encoding="UTF-8"?>
<testng-results ignored="3" total="5" passed="2" failed="0" skipped="0">
  <reporter-output>
  </reporter-output>
  <suite started-at="2020-11-16T19:33:31 EST" name="Default suite" finished-at="2020-11-16T19:38:11 EST" duration-ms="280388">
    <groups>
    </groups>
    <test started-at="2020-11-16T19:33:31 EST" name="Default test" finished-at="2020-11-16T19:38:11 EST" duration-ms="280388">
      <class name="com.MyFramework_1.testcases.Login_till_ProdSelectionPage">
        <test-method is-config="true" signature="Setup()[pri:0, instance:com.MyFramework_1.testcases.Login_till_ProdSelectionPage@4df50bcc]" started-at="2020-11-16T19:33:31 EST" name="Setup" finished-at="2020-11-16T19:33:31 EST" duration-ms="8" status="PASS">
          <reporter-output>
          </reporter-output>
        </test-method> <!-- Setup -->
        <test-method is-config="true" signature="setup()[pri:0, instance:com.MyFramework_1.testcases.Login_till_ProdSelectionPage@4df50bcc]" started-at="2020-11-16T19:33:31 EST" name="setup" finished-at="2020-11-16T19:33:49 EST" duration-ms="18112" status="PASS">
          <reporter-output>
          </reporter-output>
        </test-method> <!-- setup -->
        <test-method signature="LoginLinkTest()[pri:1, instance:com.MyFramework_1.testcases.Login_till_ProdSelectionPage@4df50bcc]" started-at="2020-11-16T19:33:49 EST" name="LoginLinkTest" finished-at="2020-11-16T19:33:52 EST" duration-ms="3217" status="PASS">
          <reporter-output>
          </reporter-output>
        </test-method> <!-- LoginLinkTest -->
        <test-method signature="ipConsolidation()[pri:4, instance:com.MyFramework_1.testcases.Login_till_ProdSelectionPage@4df50bcc]" started-at="2020-11-16T19:33:52 EST" name="ipConsolidation" finished-at="2020-11-16T19:34:04 EST" depends-on-methods="com.MyFramework_1.testcases.Login_till_ProdSelectionPage.LoginLinkTest" duration-ms="11101" status="PASS">
          <reporter-output>
          </reporter-output>
        </test-method> <!-- ipConsolidation -->
        <test-method is-config="true" signature="teardown()[pri:0, instance:com.MyFramework_1.testcases.Login_till_ProdSelectionPage@4df50bcc]" started-at="2020-11-16T19:34:04 EST" name="teardown" finished-at="2020-11-16T19:38:11 EST" duration-ms="247915" status="PASS">
          <reporter-output>
          </reporter-output>
        </test-method> <!-- teardown -->
      </class> <!-- com.MyFramework_1.testcases.Login_till_ProdSelectionPage -->
    </test> <!-- Default test -->
  </suite> <!-- Default suite -->
</testng-results>
