<?xml version="1.0" encoding="UTF-8"?>
<testng-results ignored="0" total="5" passed="4" failed="1" skipped="0">
  <reporter-output>
  </reporter-output>
  <suite started-at="2020-11-16T04:29:06 EST" name="Default suite" finished-at="2020-11-16T04:32:34 EST" duration-ms="208202">
    <groups>
    </groups>
    <test started-at="2020-11-16T04:29:06 EST" name="Default test" finished-at="2020-11-16T04:32:34 EST" duration-ms="208202">
      <class name="com.MyFramework_1.testcases.Login_till_ProdSelectionPage">
        <test-method is-config="true" signature="Setup()[pri:0, instance:com.MyFramework_1.testcases.Login_till_ProdSelectionPage@2a266d09]" started-at="2020-11-16T04:29:06 EST" name="Setup" finished-at="2020-11-16T04:29:06 EST" duration-ms="7" status="PASS">
          <reporter-output>
          </reporter-output>
        </test-method> <!-- Setup -->
        <test-method is-config="true" signature="setup()[pri:0, instance:com.MyFramework_1.testcases.Login_till_ProdSelectionPage@2a266d09]" started-at="2020-11-16T04:29:06 EST" name="setup" finished-at="2020-11-16T04:29:12 EST" duration-ms="5954" status="PASS">
          <reporter-output>
          </reporter-output>
        </test-method> <!-- setup -->
        <test-method signature="LoginLinkTest()[pri:1, instance:com.MyFramework_1.testcases.Login_till_ProdSelectionPage@2a266d09]" started-at="2020-11-16T04:29:12 EST" name="LoginLinkTest" finished-at="2020-11-16T04:29:14 EST" duration-ms="1629" status="PASS">
          <reporter-output>
          </reporter-output>
        </test-method> <!-- LoginLinkTest -->
        <test-method signature="LaunchBOUT()[pri:2, instance:com.MyFramework_1.testcases.Login_till_ProdSelectionPage@2a266d09]" started-at="2020-11-16T04:29:14 EST" name="LaunchBOUT" finished-at="2020-11-16T04:30:06 EST" duration-ms="52284" status="PASS">
          <reporter-output>
          </reporter-output>
        </test-method> <!-- LaunchBOUT -->
        <test-method signature="selectRecomProd()[pri:3, instance:com.MyFramework_1.testcases.Login_till_ProdSelectionPage@2a266d09]" started-at="2020-11-16T04:30:06 EST" name="selectRecomProd" finished-at="2020-11-16T04:30:23 EST" duration-ms="17260" status="PASS">
          <reporter-output>
          </reporter-output>
        </test-method> <!-- selectRecomProd -->
        <test-method signature="ipConsolidation()[pri:4, instance:com.MyFramework_1.testcases.Login_till_ProdSelectionPage@2a266d09]" started-at="2020-11-16T04:30:23 EST" name="ipConsolidation" finished-at="2020-11-16T04:30:33 EST" duration-ms="10026" status="FAIL">
          <exception class="java.lang.StringIndexOutOfBoundsException">
            <message>
              <![CDATA[begin -1, end 7, length 7]]>
            </message>
            <full-stacktrace>
              <![CDATA[java.lang.StringIndexOutOfBoundsException: begin -1, end 7, length 7
at java.base/java.lang.String.checkBoundsBeginEnd(String.java:3756)
at java.base/java.lang.String.substring(String.java:1902)
at java.base/java.lang.String.substring(String.java:1875)
at com.MyFramework_1.pages.inputConsolPOM.WeedOut(inputConsolPOM.java:698)
at com.MyFramework_1.testcases.Login_till_ProdSelectionPage.ipConsolidation(Login_till_ProdSelectionPage.java:174)
at java.base/jdk.internal.reflect.NativeMethodAccessorImpl.invoke0(Native Method)
at java.base/jdk.internal.reflect.NativeMethodAccessorImpl.invoke(NativeMethodAccessorImpl.java:62)
at java.base/jdk.internal.reflect.DelegatingMethodAccessorImpl.invoke(DelegatingMethodAccessorImpl.java:43)
at java.base/java.lang.reflect.Method.invoke(Method.java:564)
at org.testng.internal.MethodInvocationHelper.invokeMethod(MethodInvocationHelper.java:134)
at org.testng.internal.TestInvoker.invokeMethod(TestInvoker.java:597)
at org.testng.internal.TestInvoker.invokeTestMethod(TestInvoker.java:173)
at org.testng.internal.MethodRunner.runInSequence(MethodRunner.java:46)
at org.testng.internal.TestInvoker$MethodInvocationAgent.invoke(TestInvoker.java:816)
at org.testng.internal.TestInvoker.invokeTestMethods(TestInvoker.java:146)
at org.testng.internal.TestMethodWorker.invokeTestMethods(TestMethodWorker.java:146)
at org.testng.internal.TestMethodWorker.run(TestMethodWorker.java:128)
at java.base/java.util.ArrayList.forEach(ArrayList.java:1511)
at org.testng.TestRunner.privateRun(TestRunner.java:766)
at org.testng.TestRunner.run(TestRunner.java:587)
at org.testng.SuiteRunner.runTest(SuiteRunner.java:384)
at org.testng.SuiteRunner.runSequentially(SuiteRunner.java:378)
at org.testng.SuiteRunner.privateRun(SuiteRunner.java:337)
at org.testng.SuiteRunner.run(SuiteRunner.java:286)
at org.testng.SuiteRunnerWorker.runSuite(SuiteRunnerWorker.java:53)
at org.testng.SuiteRunnerWorker.run(SuiteRunnerWorker.java:96)
at org.testng.TestNG.runSuitesSequentially(TestNG.java:1187)
at org.testng.TestNG.runSuitesLocally(TestNG.java:1109)
at org.testng.TestNG.runSuites(TestNG.java:1039)
at org.testng.TestNG.run(TestNG.java:1007)
at org.testng.remote.AbstractRemoteTestNG.run(AbstractRemoteTestNG.java:115)
at org.testng.remote.RemoteTestNG.initAndRun(RemoteTestNG.java:251)
at org.testng.remote.RemoteTestNG.main(RemoteTestNG.java:77)
]]>
            </full-stacktrace>
          </exception> <!-- java.lang.StringIndexOutOfBoundsException -->
          <reporter-output>
          </reporter-output>
        </test-method> <!-- ipConsolidation -->
        <test-method signature="Product_addition()[pri:5, instance:com.MyFramework_1.testcases.Login_till_ProdSelectionPage@2a266d09]" started-at="2020-11-16T04:30:33 EST" name="Product_addition" finished-at="2020-11-16T04:32:30 EST" duration-ms="116579" status="PASS">
          <reporter-output>
          </reporter-output>
        </test-method> <!-- Product_addition -->
        <test-method is-config="true" signature="teardown()[pri:0, instance:com.MyFramework_1.testcases.Login_till_ProdSelectionPage@2a266d09]" started-at="2020-11-16T04:32:30 EST" name="teardown" finished-at="2020-11-16T04:32:34 EST" duration-ms="4433" status="PASS">
          <reporter-output>
          </reporter-output>
        </test-method> <!-- teardown -->
      </class> <!-- com.MyFramework_1.testcases.Login_till_ProdSelectionPage -->
    </test> <!-- Default test -->
  </suite> <!-- Default suite -->
</testng-results>
