<?xml version="1.0" encoding="UTF-8"?>
<testng-results ignored="0" total="4" passed="4" failed="0" skipped="0">
  <reporter-output>
  </reporter-output>
  <suite started-at="2020-11-06T01:04:45 EST" name="Default suite" finished-at="2020-11-06T01:12:41 EST" duration-ms="476531">
    <groups>
    </groups>
    <test started-at="2020-11-06T01:04:45 EST" name="Default test" finished-at="2020-11-06T01:12:41 EST" duration-ms="476531">
      <class name="com.MyFramework_1.testcases.Login_till_ProdSelectionPage">
        <test-method is-config="true" signature="Setup()[pri:0, instance:com.MyFramework_1.testcases.Login_till_ProdSelectionPage@71b1176b]" started-at="2020-11-06T01:04:45 EST" name="Setup" finished-at="2020-11-06T01:04:45 EST" duration-ms="145" status="PASS">
          <reporter-output>
          </reporter-output>
        </test-method> <!-- Setup -->
        <test-method is-config="true" signature="setup()[pri:0, instance:com.MyFramework_1.testcases.Login_till_ProdSelectionPage@71b1176b]" started-at="2020-11-06T01:04:45 EST" name="setup" finished-at="2020-11-06T01:04:54 EST" duration-ms="9422" status="PASS">
          <reporter-output>
          </reporter-output>
        </test-method> <!-- setup -->
        <test-method signature="LoginLinkTest()[pri:1, instance:com.MyFramework_1.testcases.Login_till_ProdSelectionPage@71b1176b]" started-at="2020-11-06T01:04:54 EST" name="LoginLinkTest" finished-at="2020-11-06T01:04:59 EST" duration-ms="5250" status="PASS">
          <reporter-output>
          </reporter-output>
        </test-method> <!-- LoginLinkTest -->
        <test-method signature="LaunchBOUT()[pri:2, instance:com.MyFramework_1.testcases.Login_till_ProdSelectionPage@71b1176b]" started-at="2020-11-06T01:04:59 EST" name="LaunchBOUT" finished-at="2020-11-06T01:05:50 EST" duration-ms="50169" status="PASS">
          <reporter-output>
          </reporter-output>
        </test-method> <!-- LaunchBOUT -->
        <test-method signature="selectRecomProd()[pri:3, instance:com.MyFramework_1.testcases.Login_till_ProdSelectionPage@71b1176b]" started-at="2020-11-06T01:05:50 EST" name="selectRecomProd" finished-at="2020-11-06T01:05:59 EST" duration-ms="9299" status="PASS">
          <reporter-output>
          </reporter-output>
        </test-method> <!-- selectRecomProd -->
        <test-method signature="sam()[pri:4, instance:com.MyFramework_1.testcases.Login_till_ProdSelectionPage@71b1176b]" started-at="2020-11-06T01:05:59 EST" name="sam" finished-at="2020-11-06T01:12:41 EST" duration-ms="402186" status="PASS">
          <reporter-output>
          </reporter-output>
        </test-method> <!-- sam -->
      </class> <!-- com.MyFramework_1.testcases.Login_till_ProdSelectionPage -->
    </test> <!-- Default test -->
  </suite> <!-- Default suite -->
</testng-results>
