<?xml version="1.0" encoding="UTF-8"?>
<testng-results ignored="0" total="5" passed="4" failed="1" skipped="0">
  <reporter-output>
  </reporter-output>
  <suite started-at="2020-11-08T00:47:14 EST" name="Default suite" finished-at="2020-11-08T00:52:49 EST" duration-ms="334973">
    <groups>
    </groups>
    <test started-at="2020-11-08T00:47:14 EST" name="Default test" finished-at="2020-11-08T00:52:49 EST" duration-ms="334973">
      <class name="com.MyFramework_1.testcases.Login_till_ProdSelectionPage">
        <test-method is-config="true" signature="Setup()[pri:0, instance:com.MyFramework_1.testcases.Login_till_ProdSelectionPage@2ddc8ecb]" started-at="2020-11-08T00:47:14 EST" name="Setup" finished-at="2020-11-08T00:47:14 EST" duration-ms="8" status="PASS">
          <reporter-output>
          </reporter-output>
        </test-method> <!-- Setup -->
        <test-method is-config="true" signature="setup()[pri:0, instance:com.MyFramework_1.testcases.Login_till_ProdSelectionPage@2ddc8ecb]" started-at="2020-11-08T00:47:14 EST" name="setup" finished-at="2020-11-08T00:47:23 EST" duration-ms="9043" status="PASS">
          <reporter-output>
          </reporter-output>
        </test-method> <!-- setup -->
        <test-method signature="LoginLinkTest()[pri:1, instance:com.MyFramework_1.testcases.Login_till_ProdSelectionPage@2ddc8ecb]" started-at="2020-11-08T00:47:23 EST" name="LoginLinkTest" finished-at="2020-11-08T00:47:36 EST" duration-ms="12855" status="PASS">
          <reporter-output>
          </reporter-output>
        </test-method> <!-- LoginLinkTest -->
        <test-method signature="LaunchBOUT()[pri:2, instance:com.MyFramework_1.testcases.Login_till_ProdSelectionPage@2ddc8ecb]" started-at="2020-11-08T00:47:36 EST" name="LaunchBOUT" finished-at="2020-11-08T00:48:03 EST" duration-ms="27434" status="PASS">
          <reporter-output>
          </reporter-output>
        </test-method> <!-- LaunchBOUT -->
        <test-method signature="selectRecomProd()[pri:3, instance:com.MyFramework_1.testcases.Login_till_ProdSelectionPage@2ddc8ecb]" started-at="2020-11-08T00:48:03 EST" name="selectRecomProd" finished-at="2020-11-08T00:48:21 EST" duration-ms="17301" status="PASS">
          <reporter-output>
          </reporter-output>
        </test-method> <!-- selectRecomProd -->
        <test-method signature="ipConsolidation()[pri:4, instance:com.MyFramework_1.testcases.Login_till_ProdSelectionPage@2ddc8ecb]" started-at="2020-11-08T00:48:21 EST" name="ipConsolidation" finished-at="2020-11-08T00:48:21 EST" duration-ms="9" status="FAIL">
          <exception class="java.lang.NullPointerException">
            <full-stacktrace>
              <![CDATA[java.lang.NullPointerException
at com.MyFramework_1.pages.inputConsolPOM.getIPFiles(inputConsolPOM.java:455)
at com.MyFramework_1.testcases.Login_till_ProdSelectionPage.ipConsolidation(Login_till_ProdSelectionPage.java:153)
at java.base/jdk.internal.reflect.NativeMethodAccessorImpl.invoke0(Native Method)
at java.base/jdk.internal.reflect.NativeMethodAccessorImpl.invoke(NativeMethodAccessorImpl.java:62)
at java.base/jdk.internal.reflect.DelegatingMethodAccessorImpl.invoke(DelegatingMethodAccessorImpl.java:43)
at java.base/java.lang.reflect.Method.invoke(Method.java:564)
at org.testng.internal.MethodInvocationHelper.invokeMethod(MethodInvocationHelper.java:134)
at org.testng.internal.TestInvoker.invokeMethod(TestInvoker.java:597)
at org.testng.internal.TestInvoker.invokeTestMethod(TestInvoker.java:173)
at org.testng.internal.MethodRunner.runInSequence(MethodRunner.java:46)
at org.testng.internal.TestInvoker$MethodInvocationAgent.invoke(TestInvoker.java:816)
at org.testng.internal.TestInvoker.invokeTestMethods(TestInvoker.java:146)
at org.testng.internal.TestMethodWorker.invokeTestMethods(TestMethodWorker.java:146)
at org.testng.internal.TestMethodWorker.run(TestMethodWorker.java:128)
at java.base/java.util.ArrayList.forEach(ArrayList.java:1511)
at org.testng.TestRunner.privateRun(TestRunner.java:766)
at org.testng.TestRunner.run(TestRunner.java:587)
at org.testng.SuiteRunner.runTest(SuiteRunner.java:384)
at org.testng.SuiteRunner.runSequentially(SuiteRunner.java:378)
at org.testng.SuiteRunner.privateRun(SuiteRunner.java:337)
at org.testng.SuiteRunner.run(SuiteRunner.java:286)
at org.testng.SuiteRunnerWorker.runSuite(SuiteRunnerWorker.java:53)
at org.testng.SuiteRunnerWorker.run(SuiteRunnerWorker.java:96)
at org.testng.TestNG.runSuitesSequentially(TestNG.java:1187)
at org.testng.TestNG.runSuitesLocally(TestNG.java:1109)
at org.testng.TestNG.runSuites(TestNG.java:1039)
at org.testng.TestNG.run(TestNG.java:1007)
at org.testng.remote.AbstractRemoteTestNG.run(AbstractRemoteTestNG.java:115)
at org.testng.remote.RemoteTestNG.initAndRun(RemoteTestNG.java:251)
at org.testng.remote.RemoteTestNG.main(RemoteTestNG.java:77)
]]>
            </full-stacktrace>
          </exception> <!-- java.lang.NullPointerException -->
          <reporter-output>
          </reporter-output>
        </test-method> <!-- ipConsolidation -->
        <test-method signature="Product_addition()[pri:5, instance:com.MyFramework_1.testcases.Login_till_ProdSelectionPage@2ddc8ecb]" started-at="2020-11-08T00:48:21 EST" name="Product_addition" finished-at="2020-11-08T00:52:49 EST" duration-ms="268249" status="PASS">
          <reporter-output>
          </reporter-output>
        </test-method> <!-- Product_addition -->
        <test-method is-config="true" signature="teardown(org.testng.ITestResult)[pri:0, instance:com.MyFramework_1.testcases.Login_till_ProdSelectionPage@2ddc8ecb]" started-at="2020-11-08T00:52:49 EST" name="teardown" finished-at="1969-12-31T19:00:00 EST" duration-ms="-1604814769393" status="FAIL">
          <exception class="org.testng.TestNGException">
            <message>
              <![CDATA[
Can inject only one of <ITestContext, XmlTest> into a @AfterClass annotated teardown.
For more information on native dependency injection please refer to http://testng.org/doc/documentation-main.html#native-dependency-injection]]>
            </message>
            <full-stacktrace>
              <![CDATA[org.testng.TestNGException: 
Can inject only one of <ITestContext, XmlTest> into a @AfterClass annotated teardown.
For more information on native dependency injection please refer to http://testng.org/doc/documentation-main.html#native-dependency-injection
at org.testng.internal.Parameters.checkParameterTypes(Parameters.java:441)
at org.testng.internal.Parameters.createParametersForMethod(Parameters.java:355)
at org.testng.internal.Parameters.createParameters(Parameters.java:712)
at org.testng.internal.Parameters.createConfigurationParameters(Parameters.java:166)
at org.testng.internal.ConfigInvoker.invokeConfigurations(ConfigInvoker.java:283)
at org.testng.internal.TestMethodWorker.invokeAfterClassMethods(TestMethodWorker.java:217)
at org.testng.internal.TestMethodWorker.run(TestMethodWorker.java:130)
at java.base/java.util.ArrayList.forEach(ArrayList.java:1511)
at org.testng.TestRunner.privateRun(TestRunner.java:766)
at org.testng.TestRunner.run(TestRunner.java:587)
at org.testng.SuiteRunner.runTest(SuiteRunner.java:384)
at org.testng.SuiteRunner.runSequentially(SuiteRunner.java:378)
at org.testng.SuiteRunner.privateRun(SuiteRunner.java:337)
at org.testng.SuiteRunner.run(SuiteRunner.java:286)
at org.testng.SuiteRunnerWorker.runSuite(SuiteRunnerWorker.java:53)
at org.testng.SuiteRunnerWorker.run(SuiteRunnerWorker.java:96)
at org.testng.TestNG.runSuitesSequentially(TestNG.java:1187)
at org.testng.TestNG.runSuitesLocally(TestNG.java:1109)
at org.testng.TestNG.runSuites(TestNG.java:1039)
at org.testng.TestNG.run(TestNG.java:1007)
at org.testng.remote.AbstractRemoteTestNG.run(AbstractRemoteTestNG.java:115)
at org.testng.remote.RemoteTestNG.initAndRun(RemoteTestNG.java:251)
at org.testng.remote.RemoteTestNG.main(RemoteTestNG.java:77)
]]>
            </full-stacktrace>
          </exception> <!-- org.testng.TestNGException -->
          <reporter-output>
          </reporter-output>
        </test-method> <!-- teardown -->
      </class> <!-- com.MyFramework_1.testcases.Login_till_ProdSelectionPage -->
    </test> <!-- Default test -->
  </suite> <!-- Default suite -->
</testng-results>
