<?xml version="1.0" encoding="UTF-8"?>
<testng-results ignored="0" total="3" passed="3" failed="0" skipped="0">
  <reporter-output>
  </reporter-output>
  <suite started-at="2020-11-05T17:22:53 EST" name="Default suite" finished-at="2020-11-05T17:23:59 EST" duration-ms="66299">
    <groups>
    </groups>
    <test started-at="2020-11-05T17:22:53 EST" name="Default test" finished-at="2020-11-05T17:23:59 EST" duration-ms="66299">
      <class name="com.MyFramework_1.testcases.Login_till_ProdSelectionPage">
        <test-method is-config="true" signature="Setup()[pri:0, instance:com.MyFramework_1.testcases.Login_till_ProdSelectionPage@11a9e7c8]" started-at="2020-11-05T17:22:53 EST" name="Setup" finished-at="2020-11-05T17:22:53 EST" duration-ms="154" status="PASS">
          <reporter-output>
          </reporter-output>
        </test-method> <!-- Setup -->
        <test-method is-config="true" signature="setup()[pri:0, instance:com.MyFramework_1.testcases.Login_till_ProdSelectionPage@11a9e7c8]" started-at="2020-11-05T17:22:53 EST" name="setup" finished-at="2020-11-05T17:23:03 EST" duration-ms="9798" status="PASS">
          <reporter-output>
          </reporter-output>
        </test-method> <!-- setup -->
        <test-method signature="LoginLinkTest()[pri:1, instance:com.MyFramework_1.testcases.Login_till_ProdSelectionPage@11a9e7c8]" started-at="2020-11-05T17:23:03 EST" name="LoginLinkTest" finished-at="2020-11-05T17:23:08 EST" duration-ms="5418" status="PASS">
          <reporter-output>
          </reporter-output>
        </test-method> <!-- LoginLinkTest -->
        <test-method signature="LaunchBOUT()[pri:2, instance:com.MyFramework_1.testcases.Login_till_ProdSelectionPage@11a9e7c8]" started-at="2020-11-05T17:23:08 EST" name="LaunchBOUT" finished-at="2020-11-05T17:23:33 EST" duration-ms="25205" status="PASS">
          <reporter-output>
          </reporter-output>
        </test-method> <!-- LaunchBOUT -->
        <test-method signature="selectRecomProd()[pri:3, instance:com.MyFramework_1.testcases.Login_till_ProdSelectionPage@11a9e7c8]" started-at="2020-11-05T17:23:33 EST" name="selectRecomProd" finished-at="2020-11-05T17:23:59 EST" duration-ms="25625" status="PASS">
          <reporter-output>
          </reporter-output>
        </test-method> <!-- selectRecomProd -->
      </class> <!-- com.MyFramework_1.testcases.Login_till_ProdSelectionPage -->
    </test> <!-- Default test -->
  </suite> <!-- Default suite -->
</testng-results>
