<?xml version="1.0" encoding="UTF-8"?>
<testng-results ignored="0" total="3" passed="3" failed="0" skipped="0">
  <reporter-output>
  </reporter-output>
  <suite started-at="2020-11-05T20:12:12 EST" name="Default suite" finished-at="2020-11-05T20:13:10 EST" duration-ms="58583">
    <groups>
    </groups>
    <test started-at="2020-11-05T20:12:12 EST" name="Default test" finished-at="2020-11-05T20:13:10 EST" duration-ms="58583">
      <class name="com.MyFramework_1.testcases.Login_till_ProdSelectionPage">
        <test-method is-config="true" signature="Setup()[pri:0, instance:com.MyFramework_1.testcases.Login_till_ProdSelectionPage@11a9e7c8]" started-at="2020-11-05T20:12:12 EST" name="Setup" finished-at="2020-11-05T20:12:12 EST" duration-ms="113" status="PASS">
          <reporter-output>
          </reporter-output>
        </test-method> <!-- Setup -->
        <test-method is-config="true" signature="setup()[pri:0, instance:com.MyFramework_1.testcases.Login_till_ProdSelectionPage@11a9e7c8]" started-at="2020-11-05T20:12:12 EST" name="setup" finished-at="2020-11-05T20:12:22 EST" duration-ms="10037" status="PASS">
          <reporter-output>
          </reporter-output>
        </test-method> <!-- setup -->
        <test-method signature="LoginLinkTest()[pri:1, instance:com.MyFramework_1.testcases.Login_till_ProdSelectionPage@11a9e7c8]" started-at="2020-11-05T20:12:22 EST" name="LoginLinkTest" finished-at="2020-11-05T20:12:27 EST" duration-ms="5475" status="PASS">
          <reporter-output>
          </reporter-output>
        </test-method> <!-- LoginLinkTest -->
        <test-method signature="LaunchBOUT()[pri:2, instance:com.MyFramework_1.testcases.Login_till_ProdSelectionPage@11a9e7c8]" started-at="2020-11-05T20:12:27 EST" name="LaunchBOUT" finished-at="2020-11-05T20:12:52 EST" duration-ms="25289" status="PASS">
          <reporter-output>
          </reporter-output>
        </test-method> <!-- LaunchBOUT -->
        <test-method signature="selectRecomProd()[pri:3, instance:com.MyFramework_1.testcases.Login_till_ProdSelectionPage@11a9e7c8]" started-at="2020-11-05T20:12:52 EST" name="selectRecomProd" finished-at="2020-11-05T20:13:10 EST" duration-ms="17592" status="PASS">
          <reporter-output>
          </reporter-output>
        </test-method> <!-- selectRecomProd -->
      </class> <!-- com.MyFramework_1.testcases.Login_till_ProdSelectionPage -->
    </test> <!-- Default test -->
  </suite> <!-- Default suite -->
</testng-results>
